<?xml version="1.0" encoding="UTF-8"?>
<testsuites name="theWayInsideOneBuilding" time="123" tests="1" failures="1" errors="0">
   <testsuite name="theWayInsideOneBuilding" tests="1" failures="1" errors="0" time="123" timestamp="2019-11-28 18:31:57" hostname="apershina - SOLARIS.msteam.local" id="Test Suites/theWayInsideOneBuilding">
      <properties>
         <property name="deviceName" value="samsung SM-A530F (Android 9)"/>
         <property name="devicePlatform" value=""/>
         <property name="logFolder" value="C:\\Users\\apershina\\Katalon Studio\\floorsTesting\\Reports\\theWayInsideOneBuilding\\20191128_183152"/>
         <property name="logFiles" value="C:\\Users\\apershina\\Katalon Studio\\floorsTesting\\Reports\\theWayInsideOneBuilding\\20191128_183152\\appium.log, C:\\Users\\apershina\\Katalon Studio\\floorsTesting\\Reports\\theWayInsideOneBuilding\\20191128_183152\\execution0.log"/>
         <property name="attachments" value="C:\\Users\\apershina\\Katalon Studio\\floorsTesting\\Reports\\theWayInsideOneBuilding\\20191128_183152\\1574940799289.png, C:\\Users\\apershina\\Katalon Studio\\floorsTesting\\Reports\\theWayInsideOneBuilding\\20191128_183152\\1574940800642.png"/>
         <property name="hostName" value="apershina - SOLARIS.msteam.local"/>
         <property name="os" value="Windows 10 64bit"/>
         <property name="katalonVersion" value="6.0.5.4"/>
         <property name="deviceOS" value="Android"/>
         <property name="appiumVersion" value="1.8.1"/>
         <property name="deviceModel" value="SM-A530F"/>
         <property name="hostAddress" value="192.168.1.31"/>
         <property name="deviceManufacturer" value="samsung"/>
         <property name="deviceId" value="5200502e5b11c491"/>
         <property name="deviceName" value="samsung SM-A530F (Android 9)"/>
         <property name="deviceOSVersion" value="9"/>
      </properties>
      <testcase name="Test Cases/theWayFromOneRoomToAnotherNewBuilding" classname="Test Cases/theWayFromOneRoomToAnotherNewBuilding" status="FAILED">
         <failure type="FAILED" message="Test Cases/theWayFromOneRoomToAnotherNewBuilding FAILED.
Reason:
com.kms.katalon.core.exception.StepFailedException: Failed to tap on element 'Object Repository/testcases/TextInputLayout0 -  '
	at com.kms.katalon.core.keyword.internal.KeywordMain.stepFailed(KeywordMain.groovy:48)
	at com.kms.katalon.core.mobile.keyword.internal.MobileKeywordMain.stepFailed(MobileKeywordMain.groovy:40)
	at com.kms.katalon.core.mobile.keyword.internal.MobileKeywordMain.runKeyword(MobileKeywordMain.groovy:23)
	at com.kms.katalon.core.mobile.keyword.builtin.TapKeyword.tap(TapKeyword.groovy:83)
	at com.kms.katalon.core.mobile.keyword.builtin.TapKeyword.execute(TapKeyword.groovy:66)
	at com.kms.katalon.core.keyword.internal.KeywordExecutor.executeKeywordForPlatform(KeywordExecutor.groovy:56)
	at com.kms.katalon.core.mobile.keyword.MobileBuiltInKeywords.tap(MobileBuiltInKeywords.groovy:485)
	at com.kms.katalon.core.mobile.keyword.MobileBuiltInKeywords$tap$0.call(Unknown Source)
	at theWayFromOneRoomToAnotherNewBuilding.run(theWayFromOneRoomToAnotherNewBuilding:31)
	at com.kms.katalon.core.main.ScriptEngine.run(ScriptEngine.java:194)
	at com.kms.katalon.core.main.ScriptEngine.runScriptAsRawText(ScriptEngine.java:119)
	at com.kms.katalon.core.main.TestCaseExecutor.runScript(TestCaseExecutor.java:331)
	at com.kms.katalon.core.main.TestCaseExecutor.doExecute(TestCaseExecutor.java:322)
	at com.kms.katalon.core.main.TestCaseExecutor.processExecutionPhase(TestCaseExecutor.java:301)
	at com.kms.katalon.core.main.TestCaseExecutor.accessMainPhase(TestCaseExecutor.java:293)
	at com.kms.katalon.core.main.TestCaseExecutor.execute(TestCaseExecutor.java:227)
	at com.kms.katalon.core.main.TestSuiteExecutor.accessTestCaseMainPhase(TestSuiteExecutor.java:129)
	at com.kms.katalon.core.main.TestSuiteExecutor.accessTestSuiteMainPhase(TestSuiteExecutor.java:112)
	at com.kms.katalon.core.main.TestSuiteExecutor.execute(TestSuiteExecutor.java:81)
	at com.kms.katalon.core.main.TestCaseMain.startTestSuite(TestCaseMain.java:157)
	at com.kms.katalon.core.main.TestCaseMain$startTestSuite$0.call(Unknown Source)
	at TempTestSuite1574940712672.run(TempTestSuite1574940712672.groovy:35)
"/>
         <system-out><![CDATA[2019-11-28 18:31:58 - [TEST_CASE][FAILED] - Test Cases/theWayFromOneRoomToAnotherNewBuilding: Test Cases/theWayFromOneRoomToAnotherNewBuilding FAILED.
Reason:
com.kms.katalon.core.exception.StepFailedException: Failed to tap on element 'Object Repository/testcases/TextInputLayout0 -  '
	at com.kms.katalon.core.keyword.internal.KeywordMain.stepFailed(KeywordMain.groovy:48)
	at com.kms.katalon.core.mobile.keyword.internal.MobileKeywordMain.stepFailed(MobileKeywordMain.groovy:40)
	at com.kms.katalon.core.mobile.keyword.internal.MobileKeywordMain.runKeyword(MobileKeywordMain.groovy:23)
	at com.kms.katalon.core.mobile.keyword.builtin.TapKeyword.tap(TapKeyword.groovy:83)
	at com.kms.katalon.core.mobile.keyword.builtin.TapKeyword.execute(TapKeyword.groovy:66)
	at com.kms.katalon.core.keyword.internal.KeywordExecutor.executeKeywordForPlatform(KeywordExecutor.groovy:56)
	at com.kms.katalon.core.mobile.keyword.MobileBuiltInKeywords.tap(MobileBuiltInKeywords.groovy:485)
	at com.kms.katalon.core.mobile.keyword.MobileBuiltInKeywords$tap$0.call(Unknown Source)
	at theWayFromOneRoomToAnotherNewBuilding.run(theWayFromOneRoomToAnotherNewBuilding:31)
	at com.kms.katalon.core.main.ScriptEngine.run(ScriptEngine.java:194)
	at com.kms.katalon.core.main.ScriptEngine.runScriptAsRawText(ScriptEngine.java:119)
	at com.kms.katalon.core.main.TestCaseExecutor.runScript(TestCaseExecutor.java:331)
	at com.kms.katalon.core.main.TestCaseExecutor.doExecute(TestCaseExecutor.java:322)
	at com.kms.katalon.core.main.TestCaseExecutor.processExecutionPhase(TestCaseExecutor.java:301)
	at com.kms.katalon.core.main.TestCaseExecutor.accessMainPhase(TestCaseExecutor.java:293)
	at com.kms.katalon.core.main.TestCaseExecutor.execute(TestCaseExecutor.java:227)
	at com.kms.katalon.core.main.TestSuiteExecutor.accessTestCaseMainPhase(TestSuiteExecutor.java:129)
	at com.kms.katalon.core.main.TestSuiteExecutor.accessTestSuiteMainPhase(TestSuiteExecutor.java:112)
	at com.kms.katalon.core.main.TestSuiteExecutor.execute(TestSuiteExecutor.java:81)
	at com.kms.katalon.core.main.TestCaseMain.startTestSuite(TestCaseMain.java:157)
	at com.kms.katalon.core.main.TestCaseMain$startTestSuite$0.call(Unknown Source)
	at TempTestSuite1574940712672.run(TempTestSuite1574940712672.groovy:35)


2019-11-28 18:31:59 - [TEST_STEP][PASSED] - startApplication("C:\Users\apershina\Desktop\Projects\Floors\FloorsApp\app\build\outputs\apk\debug\app-debug.apk", false): Started app at: 'C:\Users\apershina\Desktop\Projects\Floors\FloorsApp\app\build\outputs\apk\debug\app-debug.apk'

2019-11-28 18:32:06 - [MESSAGE][INFO] - Appium server started on port 62,915

2019-11-28 18:32:30 - [MESSAGE][PASSED] - Started app at: 'C:\Users\apershina\Desktop\Projects\Floors\FloorsApp\app\build\outputs\apk\debug\app-debug.apk'

2019-11-28 18:32:30 - [TEST_STEP][PASSED] - tap(findTestObject("testcases/android.widget.EditText0 - "), 0): Tapped on element 'Object Repository/testcases/android.widget.EditText0 - '

2019-11-28 18:32:30 - [MESSAGE][WARNING] - Timeout '0' is invalid. Using default page load timeout: '30'

2019-11-28 18:32:37 - [MESSAGE][PASSED] - Tapped on element 'Object Repository/testcases/android.widget.EditText0 - '

2019-11-28 18:32:37 - [TEST_STEP][PASSED] - random = new java.util.Random(): null

2019-11-28 18:32:37 - [TEST_STEP][PASSED] - setText(findTestObject("testcases/android.widget.EditText0 -  (1)"), findTestData("nsuAssetsExcel").getValue(1, random.nextInt(390) + 1), 0): Text '3223' has been set to element 'Object Repository/testcases/android.widget.EditText0 -  (1)'

2019-11-28 18:32:38 - [MESSAGE][WARNING] - Timeout '0' is invalid. Using default page load timeout: '30'

2019-11-28 18:32:41 - [MESSAGE][PASSED] - Text '3223' has been set to element 'Object Repository/testcases/android.widget.EditText0 -  (1)'

2019-11-28 18:32:41 - [TEST_STEP][PASSED] - tap(findTestObject("testcases/android.widget.LinearLayout5"), 0): Tapped on element 'Object Repository/testcases/android.widget.LinearLayout5'

2019-11-28 18:32:41 - [MESSAGE][WARNING] - Timeout '0' is invalid. Using default page load timeout: '30'

2019-11-28 18:32:44 - [MESSAGE][PASSED] - Tapped on element 'Object Repository/testcases/android.widget.LinearLayout5'

2019-11-28 18:32:44 - [TEST_STEP][PASSED] - tap(findTestObject("testcases/android.widget.Button0 - "), 0): Tapped on element 'Object Repository/testcases/android.widget.Button0 - '

2019-11-28 18:32:44 - [MESSAGE][WARNING] - Timeout '0' is invalid. Using default page load timeout: '30'

2019-11-28 18:32:49 - [MESSAGE][PASSED] - Tapped on element 'Object Repository/testcases/android.widget.Button0 - '

2019-11-28 18:32:49 - [TEST_STEP][FAILED] - tap(findTestObject("testcases/TextInputLayout0 -  "), 0): tap(findTestObject("testcases/TextInputLayout0 -  "), 0) FAILED.
Reason:
com.kms.katalon.core.exception.StepFailedException: Failed to tap on element 'Object Repository/testcases/TextInputLayout0 -  '
	at com.kms.katalon.core.keyword.internal.KeywordMain.stepFailed(KeywordMain.groovy:48)
	at com.kms.katalon.core.mobile.keyword.internal.MobileKeywordMain.stepFailed(MobileKeywordMain.groovy:40)
	at com.kms.katalon.core.mobile.keyword.internal.MobileKeywordMain.runKeyword(MobileKeywordMain.groovy:23)
	at com.kms.katalon.core.mobile.keyword.builtin.TapKeyword.tap(TapKeyword.groovy:83)
	at com.kms.katalon.core.mobile.keyword.builtin.TapKeyword.execute(TapKeyword.groovy:66)
	at com.kms.katalon.core.keyword.internal.KeywordExecutor.executeKeywordForPlatform(KeywordExecutor.groovy:56)
	at com.kms.katalon.core.mobile.keyword.MobileBuiltInKeywords.tap(MobileBuiltInKeywords.groovy:485)
	at com.kms.katalon.core.mobile.keyword.MobileBuiltInKeywords$tap$0.call(Unknown Source)
	at theWayFromOneRoomToAnotherNewBuilding.run(theWayFromOneRoomToAnotherNewBuilding:31)
	at com.kms.katalon.core.main.ScriptEngine.run(ScriptEngine.java:194)
	at com.kms.katalon.core.main.ScriptEngine.runScriptAsRawText(ScriptEngine.java:119)
	at com.kms.katalon.core.main.TestCaseExecutor.runScript(TestCaseExecutor.java:331)
	at com.kms.katalon.core.main.TestCaseExecutor.doExecute(TestCaseExecutor.java:322)
	at com.kms.katalon.core.main.TestCaseExecutor.processExecutionPhase(TestCaseExecutor.java:301)
	at com.kms.katalon.core.main.TestCaseExecutor.accessMainPhase(TestCaseExecutor.java:293)
	at com.kms.katalon.core.main.TestCaseExecutor.execute(TestCaseExecutor.java:227)
	at com.kms.katalon.core.main.TestSuiteExecutor.accessTestCaseMainPhase(TestSuiteExecutor.java:129)
	at com.kms.katalon.core.main.TestSuiteExecutor.accessTestSuiteMainPhase(TestSuiteExecutor.java:112)
	at com.kms.katalon.core.main.TestSuiteExecutor.execute(TestSuiteExecutor.java:81)
	at com.kms.katalon.core.main.TestCaseMain.startTestSuite(TestCaseMain.java:157)
	at com.kms.katalon.core.main.TestCaseMain$startTestSuite$0.call(Unknown Source)
	at TempTestSuite1574940712672.run(TempTestSuite1574940712672.groovy:35)


2019-11-28 18:32:49 - [MESSAGE][WARNING] - Timeout '0' is invalid. Using default page load timeout: '30'

2019-11-28 18:33:20 - [MESSAGE][FAILED] - Object Object Repository/testcases/TextInputLayout0 -   not found
[[ATTACHMENT|C:\\Users\\apershina\\Katalon Studio\\floorsTesting\\Reports\\theWayInsideOneBuilding\\20191128_183152\\1574940799289.png]]

2019-11-28 18:33:21 - [MESSAGE][FAILED] - Failed to tap on element 'Object Repository/testcases/TextInputLayout0 -  '
[[ATTACHMENT|C:\\Users\\apershina\\Katalon Studio\\floorsTesting\\Reports\\theWayInsideOneBuilding\\20191128_183152\\1574940800642.png]]

2019-11-28 18:33:21 - [MESSAGE][FAILED] - tap(findTestObject("testcases/TextInputLayout0 -  "), 0) FAILED.
Reason:
com.kms.katalon.core.exception.StepFailedException: Failed to tap on element 'Object Repository/testcases/TextInputLayout0 -  '
	at com.kms.katalon.core.keyword.internal.KeywordMain.stepFailed(KeywordMain.groovy:48)
	at com.kms.katalon.core.mobile.keyword.internal.MobileKeywordMain.stepFailed(MobileKeywordMain.groovy:40)
	at com.kms.katalon.core.mobile.keyword.internal.MobileKeywordMain.runKeyword(MobileKeywordMain.groovy:23)
	at com.kms.katalon.core.mobile.keyword.builtin.TapKeyword.tap(TapKeyword.groovy:83)
	at com.kms.katalon.core.mobile.keyword.builtin.TapKeyword.execute(TapKeyword.groovy:66)
	at com.kms.katalon.core.keyword.internal.KeywordExecutor.executeKeywordForPlatform(KeywordExecutor.groovy:56)
	at com.kms.katalon.core.mobile.keyword.MobileBuiltInKeywords.tap(MobileBuiltInKeywords.groovy:485)
	at com.kms.katalon.core.mobile.keyword.MobileBuiltInKeywords$tap$0.call(Unknown Source)
	at theWayFromOneRoomToAnotherNewBuilding.run(theWayFromOneRoomToAnotherNewBuilding:31)
	at com.kms.katalon.core.main.ScriptEngine.run(ScriptEngine.java:194)
	at com.kms.katalon.core.main.ScriptEngine.runScriptAsRawText(ScriptEngine.java:119)
	at com.kms.katalon.core.main.TestCaseExecutor.runScript(TestCaseExecutor.java:331)
	at com.kms.katalon.core.main.TestCaseExecutor.doExecute(TestCaseExecutor.java:322)
	at com.kms.katalon.core.main.TestCaseExecutor.processExecutionPhase(TestCaseExecutor.java:301)
	at com.kms.katalon.core.main.TestCaseExecutor.accessMainPhase(TestCaseExecutor.java:293)
	at com.kms.katalon.core.main.TestCaseExecutor.execute(TestCaseExecutor.java:227)
	at com.kms.katalon.core.main.TestSuiteExecutor.accessTestCaseMainPhase(TestSuiteExecutor.java:129)
	at com.kms.katalon.core.main.TestSuiteExecutor.accessTestSuiteMainPhase(TestSuiteExecutor.java:112)
	at com.kms.katalon.core.main.TestSuiteExecutor.execute(TestSuiteExecutor.java:81)
	at com.kms.katalon.core.main.TestCaseMain.startTestSuite(TestCaseMain.java:157)
	at com.kms.katalon.core.main.TestCaseMain$startTestSuite$0.call(Unknown Source)
	at TempTestSuite1574940712672.run(TempTestSuite1574940712672.groovy:35)]]></system-out>
         <system-err><![CDATA[2019-11-28 18:31:58 - [TEST_CASE][FAILED] - Test Cases/theWayFromOneRoomToAnotherNewBuilding: Test Cases/theWayFromOneRoomToAnotherNewBuilding FAILED.
Reason:
com.kms.katalon.core.exception.StepFailedException: Failed to tap on element 'Object Repository/testcases/TextInputLayout0 -  '
	at com.kms.katalon.core.keyword.internal.KeywordMain.stepFailed(KeywordMain.groovy:48)
	at com.kms.katalon.core.mobile.keyword.internal.MobileKeywordMain.stepFailed(MobileKeywordMain.groovy:40)
	at com.kms.katalon.core.mobile.keyword.internal.MobileKeywordMain.runKeyword(MobileKeywordMain.groovy:23)
	at com.kms.katalon.core.mobile.keyword.builtin.TapKeyword.tap(TapKeyword.groovy:83)
	at com.kms.katalon.core.mobile.keyword.builtin.TapKeyword.execute(TapKeyword.groovy:66)
	at com.kms.katalon.core.keyword.internal.KeywordExecutor.executeKeywordForPlatform(KeywordExecutor.groovy:56)
	at com.kms.katalon.core.mobile.keyword.MobileBuiltInKeywords.tap(MobileBuiltInKeywords.groovy:485)
	at com.kms.katalon.core.mobile.keyword.MobileBuiltInKeywords$tap$0.call(Unknown Source)
	at theWayFromOneRoomToAnotherNewBuilding.run(theWayFromOneRoomToAnotherNewBuilding:31)
	at com.kms.katalon.core.main.ScriptEngine.run(ScriptEngine.java:194)
	at com.kms.katalon.core.main.ScriptEngine.runScriptAsRawText(ScriptEngine.java:119)
	at com.kms.katalon.core.main.TestCaseExecutor.runScript(TestCaseExecutor.java:331)
	at com.kms.katalon.core.main.TestCaseExecutor.doExecute(TestCaseExecutor.java:322)
	at com.kms.katalon.core.main.TestCaseExecutor.processExecutionPhase(TestCaseExecutor.java:301)
	at com.kms.katalon.core.main.TestCaseExecutor.accessMainPhase(TestCaseExecutor.java:293)
	at com.kms.katalon.core.main.TestCaseExecutor.execute(TestCaseExecutor.java:227)
	at com.kms.katalon.core.main.TestSuiteExecutor.accessTestCaseMainPhase(TestSuiteExecutor.java:129)
	at com.kms.katalon.core.main.TestSuiteExecutor.accessTestSuiteMainPhase(TestSuiteExecutor.java:112)
	at com.kms.katalon.core.main.TestSuiteExecutor.execute(TestSuiteExecutor.java:81)
	at com.kms.katalon.core.main.TestCaseMain.startTestSuite(TestCaseMain.java:157)
	at com.kms.katalon.core.main.TestCaseMain$startTestSuite$0.call(Unknown Source)
	at TempTestSuite1574940712672.run(TempTestSuite1574940712672.groovy:35)]]></system-err>
      </testcase>
      <testcase name="Test Cases/theButtonNewBuildingInLeftPanel" classname="Test Cases/theButtonNewBuildingInLeftPanel" status="PASSED">
         <system-out><![CDATA[2019-11-28 18:33:21 - [TEST_CASE][PASSED] - Test Cases/theButtonNewBuildingInLeftPanel: Test Cases/theButtonNewBuildingInLeftPanel

2019-11-28 18:33:22 - [TEST_STEP][PASSED] - startApplication("C:\Users\apershina\Desktop\Projects\Floors\FloorsApp\app\build\outputs\apk\debug\app-debug.apk", false): Started app at: 'C:\Users\apershina\Desktop\Projects\Floors\FloorsApp\app\build\outputs\apk\debug\app-debug.apk'

2019-11-28 18:33:45 - [MESSAGE][PASSED] - Started app at: 'C:\Users\apershina\Desktop\Projects\Floors\FloorsApp\app\build\outputs\apk\debug\app-debug.apk'

2019-11-28 18:33:45 - [TEST_STEP][PASSED] - tap(findTestObject("testcases/android.widget.ImageView0"), 0): Tapped on element 'Object Repository/testcases/android.widget.ImageView0'

2019-11-28 18:33:45 - [MESSAGE][WARNING] - Timeout '0' is invalid. Using default page load timeout: '30'

2019-11-28 18:33:52 - [MESSAGE][PASSED] - Tapped on element 'Object Repository/testcases/android.widget.ImageView0'

2019-11-28 18:33:52 - [TEST_STEP][PASSED] - tap(findTestObject("testcases/android.support.v7.widget.LinearLayoutCompat0"), 0): Tapped on element 'Object Repository/testcases/android.support.v7.widget.LinearLayoutCompat0'

2019-11-28 18:33:52 - [MESSAGE][WARNING] - Timeout '0' is invalid. Using default page load timeout: '30'

2019-11-28 18:33:53 - [MESSAGE][PASSED] - Tapped on element 'Object Repository/testcases/android.support.v7.widget.LinearLayoutCompat0'

2019-11-28 18:33:53 - [TEST_STEP][PASSED] - tap(findTestObject("android.widget.EditText0 - "), 0): Tapped on element 'Object Repository/android.widget.EditText0 - '

2019-11-28 18:33:53 - [MESSAGE][WARNING] - Timeout '0' is invalid. Using default page load timeout: '30'

2019-11-28 18:33:55 - [MESSAGE][PASSED] - Tapped on element 'Object Repository/android.widget.EditText0 - '

2019-11-28 18:33:55 - [TEST_STEP][PASSED] - random = new java.util.Random(): null

2019-11-28 18:33:55 - [TEST_STEP][PASSED] - setText(findTestObject("android.widget.EditText0 -  (1)"), findTestData("nsuAssetsExcel").getValue(1, random.nextInt(390) + 1), 0): Text '5225' has been set to element 'Object Repository/android.widget.EditText0 -  (1)'

2019-11-28 18:33:56 - [MESSAGE][WARNING] - Timeout '0' is invalid. Using default page load timeout: '30'

2019-11-28 18:33:58 - [MESSAGE][PASSED] - Text '5225' has been set to element 'Object Repository/android.widget.EditText0 -  (1)'

2019-11-28 18:33:58 - [TEST_STEP][PASSED] - tap(findTestObject("android.widget.LinearLayout5"), 0): Tapped on element 'Object Repository/android.widget.LinearLayout5'

2019-11-28 18:33:58 - [MESSAGE][WARNING] - Timeout '0' is invalid. Using default page load timeout: '30'

2019-11-28 18:34:01 - [MESSAGE][PASSED] - Tapped on element 'Object Repository/android.widget.LinearLayout5']]></system-out>
         <system-err><![CDATA[]]></system-err>
      </testcase>
      <system-out><![CDATA[2019-11-28 18:31:57 - [TEST_SUITE][FAILED] - theWayInsideOneBuilding: Test Cases/theWayFromOneRoomToAnotherNewBuilding FAILED.
Reason:
com.kms.katalon.core.exception.StepFailedException: Failed to tap on element 'Object Repository/testcases/TextInputLayout0 -  '
	at com.kms.katalon.core.keyword.internal.KeywordMain.stepFailed(KeywordMain.groovy:48)
	at com.kms.katalon.core.mobile.keyword.internal.MobileKeywordMain.stepFailed(MobileKeywordMain.groovy:40)
	at com.kms.katalon.core.mobile.keyword.internal.MobileKeywordMain.runKeyword(MobileKeywordMain.groovy:23)
	at com.kms.katalon.core.mobile.keyword.builtin.TapKeyword.tap(TapKeyword.groovy:83)
	at com.kms.katalon.core.mobile.keyword.builtin.TapKeyword.execute(TapKeyword.groovy:66)
	at com.kms.katalon.core.keyword.internal.KeywordExecutor.executeKeywordForPlatform(KeywordExecutor.groovy:56)
	at com.kms.katalon.core.mobile.keyword.MobileBuiltInKeywords.tap(MobileBuiltInKeywords.groovy:485)
	at com.kms.katalon.core.mobile.keyword.MobileBuiltInKeywords$tap$0.call(Unknown Source)
	at theWayFromOneRoomToAnotherNewBuilding.run(theWayFromOneRoomToAnotherNewBuilding:31)
	at com.kms.katalon.core.main.ScriptEngine.run(ScriptEngine.java:194)
	at com.kms.katalon.core.main.ScriptEngine.runScriptAsRawText(ScriptEngine.java:119)
	at com.kms.katalon.core.main.TestCaseExecutor.runScript(TestCaseExecutor.java:331)
	at com.kms.katalon.core.main.TestCaseExecutor.doExecute(TestCaseExecutor.java:322)
	at com.kms.katalon.core.main.TestCaseExecutor.processExecutionPhase(TestCaseExecutor.java:301)
	at com.kms.katalon.core.main.TestCaseExecutor.accessMainPhase(TestCaseExecutor.java:293)
	at com.kms.katalon.core.main.TestCaseExecutor.execute(TestCaseExecutor.java:227)
	at com.kms.katalon.core.main.TestSuiteExecutor.accessTestCaseMainPhase(TestSuiteExecutor.java:129)
	at com.kms.katalon.core.main.TestSuiteExecutor.accessTestSuiteMainPhase(TestSuiteExecutor.java:112)
	at com.kms.katalon.core.main.TestSuiteExecutor.execute(TestSuiteExecutor.java:81)
	at com.kms.katalon.core.main.TestCaseMain.startTestSuite(TestCaseMain.java:157)
	at com.kms.katalon.core.main.TestCaseMain$startTestSuite$0.call(Unknown Source)
	at TempTestSuite1574940712672.run(TempTestSuite1574940712672.groovy:35)]]></system-out>
      <system-err><![CDATA[2019-11-28 18:31:57 - [TEST_SUITE][FAILED] - theWayInsideOneBuilding: Test Cases/theWayFromOneRoomToAnotherNewBuilding FAILED.
Reason:
com.kms.katalon.core.exception.StepFailedException: Failed to tap on element 'Object Repository/testcases/TextInputLayout0 -  '
	at com.kms.katalon.core.keyword.internal.KeywordMain.stepFailed(KeywordMain.groovy:48)
	at com.kms.katalon.core.mobile.keyword.internal.MobileKeywordMain.stepFailed(MobileKeywordMain.groovy:40)
	at com.kms.katalon.core.mobile.keyword.internal.MobileKeywordMain.runKeyword(MobileKeywordMain.groovy:23)
	at com.kms.katalon.core.mobile.keyword.builtin.TapKeyword.tap(TapKeyword.groovy:83)
	at com.kms.katalon.core.mobile.keyword.builtin.TapKeyword.execute(TapKeyword.groovy:66)
	at com.kms.katalon.core.keyword.internal.KeywordExecutor.executeKeywordForPlatform(KeywordExecutor.groovy:56)
	at com.kms.katalon.core.mobile.keyword.MobileBuiltInKeywords.tap(MobileBuiltInKeywords.groovy:485)
	at com.kms.katalon.core.mobile.keyword.MobileBuiltInKeywords$tap$0.call(Unknown Source)
	at theWayFromOneRoomToAnotherNewBuilding.run(theWayFromOneRoomToAnotherNewBuilding:31)
	at com.kms.katalon.core.main.ScriptEngine.run(ScriptEngine.java:194)
	at com.kms.katalon.core.main.ScriptEngine.runScriptAsRawText(ScriptEngine.java:119)
	at com.kms.katalon.core.main.TestCaseExecutor.runScript(TestCaseExecutor.java:331)
	at com.kms.katalon.core.main.TestCaseExecutor.doExecute(TestCaseExecutor.java:322)
	at com.kms.katalon.core.main.TestCaseExecutor.processExecutionPhase(TestCaseExecutor.java:301)
	at com.kms.katalon.core.main.TestCaseExecutor.accessMainPhase(TestCaseExecutor.java:293)
	at com.kms.katalon.core.main.TestCaseExecutor.execute(TestCaseExecutor.java:227)
	at com.kms.katalon.core.main.TestSuiteExecutor.accessTestCaseMainPhase(TestSuiteExecutor.java:129)
	at com.kms.katalon.core.main.TestSuiteExecutor.accessTestSuiteMainPhase(TestSuiteExecutor.java:112)
	at com.kms.katalon.core.main.TestSuiteExecutor.execute(TestSuiteExecutor.java:81)
	at com.kms.katalon.core.main.TestCaseMain.startTestSuite(TestCaseMain.java:157)
	at com.kms.katalon.core.main.TestCaseMain$startTestSuite$0.call(Unknown Source)
	at TempTestSuite1574940712672.run(TempTestSuite1574940712672.groovy:35)]]></system-err>
   </testsuite>
</testsuites>
